<?xml version="1.0" encoding="UTF-8"?>
<!-- Generated by org.testng.reporters.JUnitReportReporter -->
<testsuite hostname="LAPTOP-N3D8B7CO" failures="0" tests="1" name="org.BlueNile.Testcases.CG_BN_009_Review_Test" time="24.638" errors="0" timestamp="2025-12-10T17:39:15 IST" skipped="0">
  <testcase classname="org.BlueNile.Testcases.CG_BN_009_Review_Test" name="addToCart" time="24.638">
    <system-out>
      <![CDATA[>>>>>>>Test execution Successful<<<<<<<<]]>
    </system-out>
  </testcase> <!-- addToCart -->
  <system-out>
    <![CDATA[Database Connection Done
Pre_conditions executed
Browser launched
Application login Done
>>>>>>>Test execution Successful<<<<<<<<
Application logout Done
Browser closed
Post_conditions executed
Database Connection terminated]]>
  </system-out>
</testsuite> <!-- org.BlueNile.Testcases.CG_BN_009_Review_Test -->
