<?xml version="1.0" encoding="UTF-8"?>
<!-- Generated by org.testng.reporters.JUnitReportReporter -->
<testsuite hostname="LAPTOP-N3D8B7CO" failures="0" tests="1" name="org.BlueNile.Testcases.CG_BN_006_wrongSearch_Test" time="9.597" errors="0" timestamp="2025-12-11T09:07:49 IST" skipped="0">
  <testcase classname="org.BlueNile.Testcases.CG_BN_006_wrongSearch_Test" name="checkoutfail" time="9.597">
    <system-out>
      <![CDATA[>>>>>>>Test execution Successful<<<<<<<<]]>
    </system-out>
  </testcase> <!-- checkoutfail -->
  <system-out>
    <![CDATA[Database Connection Done
Pre_conditions executed
Browser launched
Application login Done
>>>>>>>Test execution Successful<<<<<<<<
Application logout Done
Browser closed
Post_conditions executed
Database Connection terminated]]>
  </system-out>
</testsuite> <!-- org.BlueNile.Testcases.CG_BN_006_wrongSearch_Test -->
