<?xml version="1.0" encoding="UTF-8"?>
<!-- Generated by org.testng.reporters.JUnitReportReporter -->
<testsuite hostname="LAPTOP-N3D8B7CO" failures="0" tests="1" name="org.BlueNile.Testcases.CG_BN_004_GemstoneFiltersAndPriceRange_Test" time="15.450" errors="0" timestamp="2025-12-11T09:12:29 IST" skipped="0">
  <testcase classname="org.BlueNile.Testcases.CG_BN_004_GemstoneFiltersAndPriceRange_Test" name="GemstoneFiltersAndPriceRange" time="15.450">
    <system-out>
      <![CDATA[>>>>>>>Test execution Successful<<<<<<<<]]>
    </system-out>
  </testcase> <!-- GemstoneFiltersAndPriceRange -->
  <system-out>
    <![CDATA[Database Connection Done
Pre_conditions executed
Browser launched
Application login Done
>>>>>>>Test execution Successful<<<<<<<<
Application logout Done
Browser closed
Post_conditions executed
Database Connection terminated]]>
  </system-out>
</testsuite> <!-- org.BlueNile.Testcases.CG_BN_004_GemstoneFiltersAndPriceRange_Test -->
